2018-08-22 15:24:44,277 INFO org.springframework.boot.StartupInfoLogger [main] Starting AccademiaVillaDeiRomaniApplication on DESKTOP-440R0JD with PID 14636 (C:\Users\User\git\accademiaVillaDeiRomani\accademiaVillaDeiRomani\target\classes started by User in C:\Users\User\git\accademiaVillaDeiRomani\accademiaVillaDeiRomani)
2018-08-22 15:24:44,298 INFO org.springframework.boot.SpringApplication [main] No active profile set, falling back to default profiles: default
2018-08-22 15:24:44,491 INFO org.springframework.context.support.AbstractApplicationContext [main] Refreshing org.springframework.boot.web.servlet.context.AnnotationConfigServletWebServerApplicationContext@53251a66: startup date [Wed Aug 22 15:24:44 CEST 2018]; root of context hierarchy
2018-08-22 15:24:47,413 INFO com.ulisesbocchio.jasyptspringboot.configuration.EnableEncryptablePropertiesBeanFactoryPostProcessor [main] Post-processing PropertySource instances
2018-08-22 15:24:47,744 INFO com.ulisesbocchio.jasyptspringboot.EncryptablePropertySourceConverter [main] Converting PropertySource configurationProperties [org.springframework.boot.context.properties.source.ConfigurationPropertySourcesPropertySource] to AOP Proxy
2018-08-22 15:24:47,749 INFO com.ulisesbocchio.jasyptspringboot.EncryptablePropertySourceConverter [main] Converting PropertySource servletConfigInitParams [org.springframework.core.env.PropertySource$StubPropertySource] to EncryptablePropertySourceWrapper
2018-08-22 15:24:47,750 INFO com.ulisesbocchio.jasyptspringboot.EncryptablePropertySourceConverter [main] Converting PropertySource servletContextInitParams [org.springframework.core.env.PropertySource$StubPropertySource] to EncryptablePropertySourceWrapper
2018-08-22 15:24:47,752 INFO com.ulisesbocchio.jasyptspringboot.EncryptablePropertySourceConverter [main] Converting PropertySource systemProperties [org.springframework.core.env.MapPropertySource] to EncryptableMapPropertySourceWrapper
2018-08-22 15:24:47,754 INFO com.ulisesbocchio.jasyptspringboot.EncryptablePropertySourceConverter [main] Converting PropertySource systemEnvironment [org.springframework.boot.env.SystemEnvironmentPropertySourceEnvironmentPostProcessor$OriginAwareSystemEnvironmentPropertySource] to EncryptableMapPropertySourceWrapper
2018-08-22 15:24:47,763 INFO com.ulisesbocchio.jasyptspringboot.EncryptablePropertySourceConverter [main] Converting PropertySource random [org.springframework.boot.env.RandomValuePropertySource] to EncryptablePropertySourceWrapper
2018-08-22 15:24:47,767 INFO com.ulisesbocchio.jasyptspringboot.EncryptablePropertySourceConverter [main] Converting PropertySource applicationConfig: [classpath:/application.properties] [org.springframework.boot.env.OriginTrackedMapPropertySource] to EncryptableMapPropertySourceWrapper
2018-08-22 15:24:47,775 INFO com.ulisesbocchio.jasyptspringboot.EncryptablePropertySourceConverter [main] Converting PropertySource class path resource [application.properties] [org.springframework.core.io.support.ResourcePropertySource] to EncryptableMapPropertySourceWrapper
2018-08-22 15:24:47,876 INFO org.springframework.beans.factory.annotation.AutowiredAnnotationBeanPostProcessor [main] JSR-330 'javax.inject.Inject' annotation found and supported for autowiring
2018-08-22 15:24:48,000 INFO com.ulisesbocchio.jasyptspringboot.filter.DefaultLazyPropertyFilter [main] Property Filter custom Bean not found with name 'encryptablePropertyFilter'. Initializing Default Property Filter
2018-08-22 15:24:48,225 INFO org.springframework.context.support.PostProcessorRegistrationDelegate$BeanPostProcessorChecker [main] Bean 'org.springframework.transaction.annotation.ProxyTransactionManagementConfiguration' of type [org.springframework.transaction.annotation.ProxyTransactionManagementConfiguration$$EnhancerBySpringCGLIB$$a5bfccdb] is not eligible for getting processed by all BeanPostProcessors (for example: not eligible for auto-proxying)
2018-08-22 15:24:48,475 INFO com.ulisesbocchio.jasyptspringboot.resolver.DefaultLazyPropertyResolver [main] Property Resolver custom Bean not found with name 'encryptablePropertyResolver'. Initializing Default Property Resolver
2018-08-22 15:24:48,483 INFO com.ulisesbocchio.jasyptspringboot.detector.DefaultLazyPropertyDetector [main] Property Detector custom Bean not found with name 'encryptablePropertyDetector'. Initializing Default Property Detector
2018-08-22 15:24:48,490 INFO com.ulisesbocchio.jasyptspringboot.encryptor.DefaultLazyEncryptor [main] String Encryptor custom Bean not found with name 'jasyptStringEncryptor'. Initializing Default String Encryptor
2018-08-22 15:24:48,514 INFO com.ulisesbocchio.jasyptspringboot.encryptor.DefaultLazyEncryptor [main] Encryptor config not found for property jasypt.encryptor.algorithm, using default value: PBEWithMD5AndDES
2018-08-22 15:24:48,515 INFO com.ulisesbocchio.jasyptspringboot.encryptor.DefaultLazyEncryptor [main] Encryptor config not found for property jasypt.encryptor.keyObtentionIterations, using default value: 1000
2018-08-22 15:24:48,516 INFO com.ulisesbocchio.jasyptspringboot.encryptor.DefaultLazyEncryptor [main] Encryptor config not found for property jasypt.encryptor.poolSize, using default value: 1
2018-08-22 15:24:48,517 INFO com.ulisesbocchio.jasyptspringboot.encryptor.DefaultLazyEncryptor [main] Encryptor config not found for property jasypt.encryptor.providerName, using default value: null
2018-08-22 15:24:48,518 INFO com.ulisesbocchio.jasyptspringboot.encryptor.DefaultLazyEncryptor [main] Encryptor config not found for property jasypt.encryptor.providerClassName, using default value: null
2018-08-22 15:24:48,519 INFO com.ulisesbocchio.jasyptspringboot.encryptor.DefaultLazyEncryptor [main] Encryptor config not found for property jasypt.encryptor.saltGeneratorClassname, using default value: org.jasypt.salt.RandomSaltGenerator
2018-08-22 15:24:48,524 INFO com.ulisesbocchio.jasyptspringboot.encryptor.DefaultLazyEncryptor [main] Encryptor config not found for property jasypt.encryptor.stringOutputType, using default value: base64
2018-08-22 15:24:49,420 INFO com.zaxxer.hikari.HikariDataSource [main] HikariPool-1 - Starting...
2018-08-22 15:24:49,800 INFO com.zaxxer.hikari.HikariDataSource [main] HikariPool-1 - Start completed.
2018-08-22 15:24:50,037 INFO org.springframework.orm.jpa.LocalContainerEntityManagerFactoryBean [main] Building JPA container EntityManagerFactory for persistence unit 'default'
2018-08-22 15:24:50,071 INFO org.hibernate.jpa.internal.util.LogHelper [main] HHH000204: Processing PersistenceUnitInfo [
	name: default
	...]
2018-08-22 15:24:50,306 INFO org.hibernate.Version [main] HHH000412: Hibernate Core {5.2.16.Final}
2018-08-22 15:24:50,311 INFO org.hibernate.cfg.Environment [main] HHH000206: hibernate.properties not found
2018-08-22 15:24:50,388 INFO org.hibernate.annotations.common.reflection.java.JavaReflectionManager [main] HCANN000001: Hibernate Commons Annotations {5.0.1.Final}
2018-08-22 15:24:50,686 INFO org.hibernate.dialect.Dialect [main] HHH000400: Using dialect: org.hibernate.dialect.MySQL5Dialect
2018-08-22 15:24:51,584 INFO org.hibernate.search.engine.Version [main] HSEARCH000034: Hibernate Search 5.8.2.Final
2018-08-22 15:24:52,284 INFO org.hibernate.hql.internal.QueryTranslatorFactoryInitiator [main] HHH000397: Using ASTQueryTranslatorFactory
2018-08-22 15:24:52,906 WARN org.hibernate.search.analyzer.impl.LuceneEmbeddedAnalyzerStrategy [main] HSEARCH000075: Configuration setting hibernate.search.lucene_version was not specified: using LUCENE_CURRENT.
2018-08-22 15:24:53,019 INFO org.springframework.orm.jpa.AbstractEntityManagerFactoryBean [main] Initialized JPA EntityManagerFactory for persistence unit 'default'
2018-08-22 15:24:54,892 INFO org.springframework.boot.web.embedded.tomcat.TomcatWebServer [main] Tomcat initialized with port(s): 8080 (http)
2018-08-22 15:24:54,947 INFO org.apache.juli.logging.DirectJDKLog [main] Starting service [Tomcat]
2018-08-22 15:24:54,950 INFO org.apache.juli.logging.DirectJDKLog [main] Starting Servlet Engine: Apache Tomcat/8.5.29
2018-08-22 15:24:54,989 INFO org.apache.juli.logging.DirectJDKLog [localhost-startStop-1] The APR based Apache Tomcat Native library which allows optimal performance in production environments was not found on the java.library.path: [C:\Program Files\Java\jre1.8.0_181\bin;C:\WINDOWS\Sun\Java\bin;C:\WINDOWS\system32;C:\WINDOWS;C:/Program Files/Java/jre1.8.0_181/bin/server;C:/Program Files/Java/jre1.8.0_181/bin;C:/Program Files/Java/jre1.8.0_181/lib/amd64;C:\Program Files (x86)\Common Files\Oracle\Java\javapath;C:\ProgramData\Oracle\Java\javapath;C:\WINDOWS\system32;C:\WINDOWS;C:\WINDOWS\System32\Wbem;C:\WINDOWS\System32\WindowsPowerShell\v1.0\;C:\Program Files (x86)\NVIDIA Corporation\PhysX\Common;C:\WINDOWS\system32;C:\WINDOWS;C:\WINDOWS\System32\Wbem;C:\WINDOWS\System32\WindowsPowerShell\v1.0\;C:\Progra~1\Java\jdk1.8.0_144\bin;C:\Program Files\Git\cmd;C:\Program Files\MySQL\MySQL Utilities 1.6\;C:\Program Files\MiKTeX 2.9\miktex\bin\x64\;C:\WINDOWS\System32\OpenSSH\;C:\Python27;C:\Users\User\AppData\Local\Programs\Python\Python36\Scripts\;C:\Users\User\AppData\Local\Programs\Python\Python36\;C:\Users\User\AppData\Local\Microsoft\WindowsApps;C:\PROGRA~1\APACHE~1.3\bin;C:\PROGRA~1\Java\JDK18~1.0_1\bin;C:\PROGRA~1\Java\JRE18~1.0_1\bin;C:\hadoop\hadoop-2.9.0\bin;C:\Users\User\AppData\Local\GitHubDesktop\bin;C:\Program Files\eclipse-oxigen;;.]
2018-08-22 15:24:55,290 INFO org.apache.juli.logging.DirectJDKLog [localhost-startStop-1] Initializing Spring embedded WebApplicationContext
2018-08-22 15:24:55,291 INFO org.springframework.boot.web.servlet.context.ServletWebServerApplicationContext [localhost-startStop-1] Root WebApplicationContext: initialization completed in 10800 ms
2018-08-22 15:24:55,816 INFO org.springframework.boot.web.servlet.AbstractFilterRegistrationBean [localhost-startStop-1] Mapping filter: 'characterEncodingFilter' to: [/*]
2018-08-22 15:24:55,819 INFO org.springframework.boot.web.servlet.AbstractFilterRegistrationBean [localhost-startStop-1] Mapping filter: 'hiddenHttpMethodFilter' to: [/*]
2018-08-22 15:24:55,821 INFO org.springframework.boot.web.servlet.AbstractFilterRegistrationBean [localhost-startStop-1] Mapping filter: 'httpPutFormContentFilter' to: [/*]
2018-08-22 15:24:55,822 INFO org.springframework.boot.web.servlet.AbstractFilterRegistrationBean [localhost-startStop-1] Mapping filter: 'requestContextFilter' to: [/*]
2018-08-22 15:24:55,825 INFO org.springframework.boot.web.servlet.AbstractFilterRegistrationBean [localhost-startStop-1] Mapping filter: 'springSecurityFilterChain' to: [/*]
2018-08-22 15:24:55,827 INFO org.springframework.boot.web.servlet.ServletRegistrationBean [localhost-startStop-1] Servlet dispatcherServlet mapped to [/]
2018-08-22 15:24:56,631 WARN org.thymeleaf.templatemode.TemplateMode [main] [THYMELEAF][main] Template Mode 'LEGACYHTML5' is deprecated. Using Template Mode 'HTML' instead.
2018-08-22 15:24:57,528 INFO org.springframework.security.web.DefaultSecurityFilterChain [main] Creating filter chain: Ant [pattern='/resources/**'], []
2018-08-22 15:24:57,532 INFO org.springframework.security.web.DefaultSecurityFilterChain [main] Creating filter chain: Ant [pattern='/static/**'], []
2018-08-22 15:24:57,568 INFO org.springframework.security.web.DefaultSecurityFilterChain [main] Creating filter chain: Ant [pattern='/css/**'], []
2018-08-22 15:24:57,569 INFO org.springframework.security.web.DefaultSecurityFilterChain [main] Creating filter chain: Ant [pattern='/js/**'], []
2018-08-22 15:24:57,571 INFO org.springframework.security.web.DefaultSecurityFilterChain [main] Creating filter chain: Ant [pattern='/img/**'], []
2018-08-22 15:24:58,081 INFO org.springframework.security.web.DefaultSecurityFilterChain [main] Creating filter chain: org.springframework.security.web.util.matcher.AnyRequestMatcher@1, [org.springframework.security.web.context.request.async.WebAsyncManagerIntegrationFilter@5d8a1456, org.springframework.security.web.context.SecurityContextPersistenceFilter@5c40402c, org.springframework.security.web.header.HeaderWriterFilter@3ba815ee, org.springframework.security.web.csrf.CsrfFilter@6b35b0f4, org.springframework.security.web.authentication.logout.LogoutFilter@d43f205, org.springframework.security.web.authentication.UsernamePasswordAuthenticationFilter@24b4f4a, org.springframework.security.web.savedrequest.RequestCacheAwareFilter@5edaa572, org.springframework.security.web.servletapi.SecurityContextHolderAwareRequestFilter@36f438f1, org.springframework.security.web.authentication.AnonymousAuthenticationFilter@351fadfa, org.springframework.security.web.session.SessionManagementFilter@2ecd2aa4, org.springframework.security.web.access.ExceptionTranslationFilter@727e61ed, org.springframework.security.web.access.intercept.FilterSecurityInterceptor@15254569]
2018-08-22 15:24:58,334 INFO org.springframework.web.servlet.handler.AbstractUrlHandlerMapping [main] Mapped URL path [/**/favicon.ico] onto handler of type [class org.springframework.web.servlet.resource.ResourceHttpRequestHandler]
2018-08-22 15:24:58,758 INFO org.springframework.web.servlet.mvc.method.annotation.RequestMappingHandlerAdapter [main] Looking for @ControllerAdvice: org.springframework.boot.web.servlet.context.AnnotationConfigServletWebServerApplicationContext@53251a66: startup date [Wed Aug 22 15:24:44 CEST 2018]; root of context hierarchy
2018-08-22 15:24:58,872 WARN org.springframework.boot.autoconfigure.orm.jpa.JpaBaseConfiguration$JpaWebConfiguration$JpaWebMvcConfiguration [main] spring.jpa.open-in-view is enabled by default. Therefore, database queries may be performed during view rendering. Explicitly configure spring.jpa.open-in-view to disable this warning
2018-08-22 15:24:59,020 INFO org.springframework.web.servlet.handler.AbstractHandlerMethodMapping$MappingRegistry [main] Mapped "{[/VillaDeiRomaniAccademy/admin/userSearch],methods=[GET]}" onto public java.lang.String com.nodelab.accademiaVillaDeiRomani.controller.adminController.search(java.lang.String,org.springframework.ui.Model)
2018-08-22 15:24:59,028 INFO org.springframework.web.servlet.handler.AbstractHandlerMethodMapping$MappingRegistry [main] Mapped "{[/VillaDeiRomaniAccademy/admin/userSelected],methods=[GET]}" onto public java.lang.String com.nodelab.accademiaVillaDeiRomani.controller.adminController.getUserSelectedFromList(java.lang.String,org.springframework.ui.Model)
2018-08-22 15:24:59,030 INFO org.springframework.web.servlet.handler.AbstractHandlerMethodMapping$MappingRegistry [main] Mapped "{[/VillaDeiRomaniAccademy/admin/submitAddRelAttivitaCorso],methods=[POST]}" onto public org.springframework.web.servlet.ModelAndView com.nodelab.accademiaVillaDeiRomani.controller.adminController.submitAddRelAttivitaCorso(com.nodelab.accademiaVillaDeiRomani.model.CorsoHasAttivitaDidattica,org.springframework.validation.BindingResult,org.springframework.ui.ModelMap)
2018-08-22 15:24:59,031 INFO org.springframework.web.servlet.handler.AbstractHandlerMethodMapping$MappingRegistry [main] Mapped "{[/VillaDeiRomaniAccademy/admin/submitCreateTassa],methods=[POST]}" onto public org.springframework.web.servlet.ModelAndView com.nodelab.accademiaVillaDeiRomani.controller.adminController.submitCreateTassae(com.nodelab.accademiaVillaDeiRomani.model.Contributo,org.springframework.validation.BindingResult,org.springframework.ui.ModelMap)
2018-08-22 15:24:59,035 INFO org.springframework.web.servlet.handler.AbstractHandlerMethodMapping$MappingRegistry [main] Mapped "{[/VillaDeiRomaniAccademy/admin/submitDeleteTassa],methods=[POST]}" onto public org.springframework.web.servlet.ModelAndView com.nodelab.accademiaVillaDeiRomani.controller.adminController.submitDeleteTassa(com.nodelab.accademiaVillaDeiRomani.model.Contributo,org.springframework.ui.ModelMap)
2018-08-22 15:24:59,047 INFO org.springframework.web.servlet.handler.AbstractHandlerMethodMapping$MappingRegistry [main] Mapped "{[/VillaDeiRomaniAccademy/admin/openReportStudentiPanel],methods=[GET]}" onto public java.lang.String com.nodelab.accademiaVillaDeiRomani.controller.adminController.openReportStudentiPanel(org.springframework.ui.Model)
2018-08-22 15:24:59,050 INFO org.springframework.web.servlet.handler.AbstractHandlerMethodMapping$MappingRegistry [main] Mapped "{[/VillaDeiRomaniAccademy/admin/openDeleteAttivitaDidatticaPanel],methods=[GET]}" onto public java.lang.String com.nodelab.accademiaVillaDeiRomani.controller.adminController.openDeleteAttivitaDidattica(org.springframework.ui.Model)
2018-08-22 15:24:59,052 INFO org.springframework.web.servlet.handler.AbstractHandlerMethodMapping$MappingRegistry [main] Mapped "{[/VillaDeiRomaniAccademy/admin/openDeleteRelAttivitaCorsoPanel],methods=[GET]}" onto public java.lang.String com.nodelab.accademiaVillaDeiRomani.controller.adminController.openDeleteRelAttivitaCorsoPanel(org.springframework.ui.Model)
2018-08-22 15:24:59,053 INFO org.springframework.web.servlet.handler.AbstractHandlerMethodMapping$MappingRegistry [main] Mapped "{[/VillaDeiRomaniAccademy/admin/submitDeleteRelAttivitaCorso],methods=[POST]}" onto public org.springframework.web.servlet.ModelAndView com.nodelab.accademiaVillaDeiRomani.controller.adminController.submitRelAttivitaCorso(com.nodelab.accademiaVillaDeiRomani.model.CorsoHasAttivitaDidattica,org.springframework.ui.ModelMap)
2018-08-22 15:24:59,054 INFO org.springframework.web.servlet.handler.AbstractHandlerMethodMapping$MappingRegistry [main] Mapped "{[/VillaDeiRomaniAccademy/admin/openEditRelAttivitaCorsoPanel],methods=[GET]}" onto public java.lang.String com.nodelab.accademiaVillaDeiRomani.controller.adminController.openEditRelAttivitaCorsoPanel(org.springframework.ui.Model)
2018-08-22 15:24:59,055 INFO org.springframework.web.servlet.handler.AbstractHandlerMethodMapping$MappingRegistry [main] Mapped "{[/VillaDeiRomaniAccademy/admin/openVisualizzaCoursePanel],methods=[GET]}" onto public java.lang.String com.nodelab.accademiaVillaDeiRomani.controller.adminController.openVisualizzazioneCorsi(org.springframework.ui.Model)
2018-08-22 15:24:59,056 INFO org.springframework.web.servlet.handler.AbstractHandlerMethodMapping$MappingRegistry [main] Mapped "{[/VillaDeiRomaniAccademy/admin/submitCreateCourse],methods=[POST]}" onto public org.springframework.web.servlet.ModelAndView com.nodelab.accademiaVillaDeiRomani.controller.adminController.submitCreateCourse(com.nodelab.accademiaVillaDeiRomani.model.Corso,org.springframework.validation.BindingResult,org.springframework.ui.ModelMap)
2018-08-22 15:24:59,057 INFO org.springframework.web.servlet.handler.AbstractHandlerMethodMapping$MappingRegistry [main] Mapped "{[/VillaDeiRomaniAccademy/admin/submitEditRelAttivitaCorso],methods=[POST]}" onto public org.springframework.web.servlet.ModelAndView com.nodelab.accademiaVillaDeiRomani.controller.adminController.submitEditRelAttivitaCorso(com.nodelab.accademiaVillaDeiRomani.model.CorsoHasAttivitaDidattica,org.springframework.validation.BindingResult,org.springframework.ui.ModelMap)
2018-08-22 15:24:59,073 INFO org.springframework.web.servlet.handler.AbstractHandlerMethodMapping$MappingRegistry [main] Mapped "{[/VillaDeiRomaniAccademy/admin/submitStudentiReport],methods=[POST]}" onto public void com.nodelab.accademiaVillaDeiRomani.controller.adminController.submitStudentiReport(com.nodelab.accademiaVillaDeiRomani.formBean.ReportStudenteBean,org.springframework.validation.BindingResult,javax.servlet.http.HttpServletResponse)
2018-08-22 15:24:59,084 INFO org.springframework.web.servlet.handler.AbstractHandlerMethodMapping$MappingRegistry [main] Mapped "{[/VillaDeiRomaniAccademy/admin/openVisualizeRelAttivitaCorsoPanel],methods=[GET]}" onto public java.lang.String com.nodelab.accademiaVillaDeiRomani.controller.adminController.openVisualizeRelAttivitaCorso(org.springframework.ui.Model)
2018-08-22 15:24:59,086 INFO org.springframework.web.servlet.handler.AbstractHandlerMethodMapping$MappingRegistry [main] Mapped "{[/VillaDeiRomaniAccademy/admin/openCreateAttivitaDidatticaPanel],methods=[GET]}" onto public java.lang.String com.nodelab.accademiaVillaDeiRomani.controller.adminController.openCreateAttivitaDidattica(org.springframework.ui.Model)
2018-08-22 15:24:59,087 INFO org.springframework.web.servlet.handler.AbstractHandlerMethodMapping$MappingRegistry [main] Mapped "{[/VillaDeiRomaniAccademy/admin/submitDeleteCorso],methods=[POST]}" onto public org.springframework.web.servlet.ModelAndView com.nodelab.accademiaVillaDeiRomani.controller.adminController.submitDeleteCourse(com.nodelab.accademiaVillaDeiRomani.model.Corso,org.springframework.ui.ModelMap)
2018-08-22 15:24:59,088 INFO org.springframework.web.servlet.handler.AbstractHandlerMethodMapping$MappingRegistry [main] Mapped "{[/VillaDeiRomaniAccademy/admin/openVisualizaTassaPanel],methods=[GET]}" onto public java.lang.String com.nodelab.accademiaVillaDeiRomani.controller.adminController.openVisualizaTassa(org.springframework.ui.Model)
2018-08-22 15:24:59,090 INFO org.springframework.web.servlet.handler.AbstractHandlerMethodMapping$MappingRegistry [main] Mapped "{[/VillaDeiRomaniAccademy/admin/openVisualizzaAttivitaDidatticaPanel],methods=[GET]}" onto public java.lang.String com.nodelab.accademiaVillaDeiRomani.controller.adminController.openVisualizzaAttivitaDidattica(org.springframework.ui.Model)
2018-08-22 15:24:59,095 INFO org.springframework.web.servlet.handler.AbstractHandlerMethodMapping$MappingRegistry [main] Mapped "{[/VillaDeiRomaniAccademy/admin/submitEditAttivitaDidattica],methods=[POST]}" onto public org.springframework.web.servlet.ModelAndView com.nodelab.accademiaVillaDeiRomani.controller.adminController.submitEditAttivitaDidattica(com.nodelab.accademiaVillaDeiRomani.model.AttivitaDidattica,org.springframework.validation.BindingResult,org.springframework.ui.ModelMap)
2018-08-22 15:24:59,096 INFO org.springframework.web.servlet.handler.AbstractHandlerMethodMapping$MappingRegistry [main] Mapped "{[/VillaDeiRomaniAccademy/admin/submitCreateAttivitaDidattica],methods=[POST]}" onto public org.springframework.web.servlet.ModelAndView com.nodelab.accademiaVillaDeiRomani.controller.adminController.submitCreateAttivitaDidattica(com.nodelab.accademiaVillaDeiRomani.model.AttivitaDidattica,org.springframework.validation.BindingResult,org.springframework.ui.ModelMap)
2018-08-22 15:24:59,100 INFO org.springframework.web.servlet.handler.AbstractHandlerMethodMapping$MappingRegistry [main] Mapped "{[/VillaDeiRomaniAccademy/admin/submitDeleteAttivitaDidattica],methods=[POST]}" onto public org.springframework.web.servlet.ModelAndView com.nodelab.accademiaVillaDeiRomani.controller.adminController.submitDeleteAttivitaDidattica(com.nodelab.accademiaVillaDeiRomani.model.AttivitaDidattica,org.springframework.ui.ModelMap)
2018-08-22 15:24:59,103 INFO org.springframework.web.servlet.handler.AbstractHandlerMethodMapping$MappingRegistry [main] Mapped "{[/VillaDeiRomaniAccademy/admin/openEditAttivitaDidatticaPanel],methods=[GET]}" onto public java.lang.String com.nodelab.accademiaVillaDeiRomani.controller.adminController.openEditAttivitaDidattica(org.springframework.ui.Model)
2018-08-22 15:24:59,104 INFO org.springframework.web.servlet.handler.AbstractHandlerMethodMapping$MappingRegistry [main] Mapped "{[/VillaDeiRomaniAccademy/admin/openAddRelAttivitaCorsoPanel],methods=[GET]}" onto public java.lang.String com.nodelab.accademiaVillaDeiRomani.controller.adminController.openAddRelAttivitaCorso(org.springframework.ui.Model)
2018-08-22 15:24:59,105 INFO org.springframework.web.servlet.handler.AbstractHandlerMethodMapping$MappingRegistry [main] Mapped "{[/VillaDeiRomaniAccademy/admin/openCreaUtentePanel],methods=[GET]}" onto public java.lang.String com.nodelab.accademiaVillaDeiRomani.controller.adminController.openNewUserPanel(org.springframework.ui.Model)
2018-08-22 15:24:59,106 INFO org.springframework.web.servlet.handler.AbstractHandlerMethodMapping$MappingRegistry [main] Mapped "{[/VillaDeiRomaniAccademy/admin/admin],methods=[GET]}" onto public org.springframework.web.servlet.ModelAndView com.nodelab.accademiaVillaDeiRomani.controller.adminController.openAdminView(java.lang.String,java.lang.String,java.lang.String)
2018-08-22 15:24:59,107 INFO org.springframework.web.servlet.handler.AbstractHandlerMethodMapping$MappingRegistry [main] Mapped "{[/VillaDeiRomaniAccademy/admin/submitNewUser],methods=[POST]}" onto public org.springframework.web.servlet.ModelAndView com.nodelab.accademiaVillaDeiRomani.controller.adminController.submitNewUser(com.nodelab.accademiaVillaDeiRomani.formBean.UtenteBean,org.springframework.validation.BindingResult,org.springframework.ui.ModelMap)
2018-08-22 15:24:59,107 INFO org.springframework.web.servlet.handler.AbstractHandlerMethodMapping$MappingRegistry [main] Mapped "{[/VillaDeiRomaniAccademy/admin/openCreateCoursePanel],methods=[GET]}" onto public java.lang.String com.nodelab.accademiaVillaDeiRomani.controller.adminController.openCreateCourse(org.springframework.ui.Model)
2018-08-22 15:24:59,108 INFO org.springframework.web.servlet.handler.AbstractHandlerMethodMapping$MappingRegistry [main] Mapped "{[/VillaDeiRomaniAccademy/admin/openDeleteCoursePanel],methods=[GET]}" onto public java.lang.String com.nodelab.accademiaVillaDeiRomani.controller.adminController.openDeletetCorso(org.springframework.ui.Model)
2018-08-22 15:24:59,109 INFO org.springframework.web.servlet.handler.AbstractHandlerMethodMapping$MappingRegistry [main] Mapped "{[/VillaDeiRomaniAccademy/admin/openEditCoursePanel],methods=[GET]}" onto public java.lang.String com.nodelab.accademiaVillaDeiRomani.controller.adminController.openEditCorso(org.springframework.ui.Model)
2018-08-22 15:24:59,110 INFO org.springframework.web.servlet.handler.AbstractHandlerMethodMapping$MappingRegistry [main] Mapped "{[/VillaDeiRomaniAccademy/admin/submitEditTassa],methods=[POST]}" onto public org.springframework.web.servlet.ModelAndView com.nodelab.accademiaVillaDeiRomani.controller.adminController.submitEditTassa(com.nodelab.accademiaVillaDeiRomani.model.Contributo,org.springframework.validation.BindingResult,org.springframework.ui.ModelMap)
2018-08-22 15:24:59,110 INFO org.springframework.web.servlet.handler.AbstractHandlerMethodMapping$MappingRegistry [main] Mapped "{[/VillaDeiRomaniAccademy/admin/submitEditCourse],methods=[POST]}" onto public org.springframework.web.servlet.ModelAndView com.nodelab.accademiaVillaDeiRomani.controller.adminController.submitEditCourse(com.nodelab.accademiaVillaDeiRomani.model.Corso,org.springframework.validation.BindingResult,org.springframework.ui.ModelMap)
2018-08-22 15:24:59,111 INFO org.springframework.web.servlet.handler.AbstractHandlerMethodMapping$MappingRegistry [main] Mapped "{[/VillaDeiRomaniAccademy/admin/openDeleteTassaPanel],methods=[GET]}" onto public java.lang.String com.nodelab.accademiaVillaDeiRomani.controller.adminController.openDeletetTax(org.springframework.ui.Model)
2018-08-22 15:24:59,112 INFO org.springframework.web.servlet.handler.AbstractHandlerMethodMapping$MappingRegistry [main] Mapped "{[/VillaDeiRomaniAccademy/admin/submitBackup],methods=[GET]}" onto public org.springframework.web.servlet.ModelAndView com.nodelab.accademiaVillaDeiRomani.controller.adminController.backup(org.springframework.ui.ModelMap)
2018-08-22 15:24:59,112 INFO org.springframework.web.servlet.handler.AbstractHandlerMethodMapping$MappingRegistry [main] Mapped "{[/VillaDeiRomaniAccademy/admin/openCreateTassaPanel],methods=[GET]}" onto public java.lang.String com.nodelab.accademiaVillaDeiRomani.controller.adminController.openCreateTassa(org.springframework.ui.Model)
2018-08-22 15:24:59,113 INFO org.springframework.web.servlet.handler.AbstractHandlerMethodMapping$MappingRegistry [main] Mapped "{[/VillaDeiRomaniAccademy/admin/openEditTassaPanel],methods=[GET]}" onto public java.lang.String com.nodelab.accademiaVillaDeiRomani.controller.adminController.openEditTassa(org.springframework.ui.Model)
2018-08-22 15:24:59,114 INFO org.springframework.web.servlet.handler.AbstractHandlerMethodMapping$MappingRegistry [main] Mapped "{[/logTest]}" onto public java.lang.String com.nodelab.accademiaVillaDeiRomani.controller.GenericController.index()
2018-08-22 15:24:59,118 INFO org.springframework.web.servlet.handler.AbstractHandlerMethodMapping$MappingRegistry [main] Mapped "{[/currentFlag],methods=[GET]}" onto public void com.nodelab.accademiaVillaDeiRomani.controller.GenericController.getCurrentFlag(javax.servlet.http.HttpServletResponse) throws java.io.IOException
2018-08-22 15:24:59,123 INFO org.springframework.web.servlet.handler.AbstractHandlerMethodMapping$MappingRegistry [main] Mapped "{[/test],methods=[GET]}" onto public void com.nodelab.accademiaVillaDeiRomani.controller.LoginController.test()
2018-08-22 15:24:59,124 INFO org.springframework.web.servlet.handler.AbstractHandlerMethodMapping$MappingRegistry [main] Mapped "{[/VillaDeiRomaniAccademy/submitLogin],methods=[GET]}" onto public org.springframework.web.servlet.ModelAndView com.nodelab.accademiaVillaDeiRomani.controller.LoginController.submitLogin(org.springframework.ui.ModelMap)
2018-08-22 15:24:59,125 INFO org.springframework.web.servlet.handler.AbstractHandlerMethodMapping$MappingRegistry [main] Mapped "{[/login],methods=[GET]}" onto public org.springframework.web.servlet.ModelAndView com.nodelab.accademiaVillaDeiRomani.controller.LoginController.login(java.lang.String)
2018-08-22 15:24:59,127 INFO org.springframework.web.servlet.handler.AbstractHandlerMethodMapping$MappingRegistry [main] Mapped "{[/resetPasswordMailConfirmation],methods=[GET]}" onto public org.springframework.web.servlet.ModelAndView com.nodelab.accademiaVillaDeiRomani.controller.RegistrationController.showChangePasswordPage(java.lang.Integer,java.lang.String,org.springframework.ui.ModelMap)
2018-08-22 15:24:59,129 INFO org.springframework.web.servlet.handler.AbstractHandlerMethodMapping$MappingRegistry [main] Mapped "{[/registrationSucceded],methods=[GET]}" onto public org.springframework.web.servlet.ModelAndView com.nodelab.accademiaVillaDeiRomani.controller.RegistrationController.openRegistrationSucceded(java.lang.String)
2018-08-22 15:24:59,131 INFO org.springframework.web.servlet.handler.AbstractHandlerMethodMapping$MappingRegistry [main] Mapped "{[/openUpdatePasswordView],methods=[GET]}" onto public org.springframework.web.servlet.ModelAndView com.nodelab.accademiaVillaDeiRomani.controller.RegistrationController.openUpdatePasswordView()
2018-08-22 15:24:59,135 INFO org.springframework.web.servlet.handler.AbstractHandlerMethodMapping$MappingRegistry [main] Mapped "{[/openResetPasswordView],methods=[GET]}" onto public org.springframework.web.servlet.ModelAndView com.nodelab.accademiaVillaDeiRomani.controller.RegistrationController.openResetPassword(java.lang.Boolean,java.lang.String)
2018-08-22 15:24:59,147 INFO org.springframework.web.servlet.handler.AbstractHandlerMethodMapping$MappingRegistry [main] Mapped "{[/updatePassword],methods=[POST]}" onto public org.springframework.web.servlet.ModelAndView com.nodelab.accademiaVillaDeiRomani.controller.RegistrationController.savePassword(com.nodelab.accademiaVillaDeiRomani.formBean.PasswordBean,org.springframework.validation.BindingResult,org.springframework.ui.ModelMap)
2018-08-22 15:24:59,148 INFO org.springframework.web.servlet.handler.AbstractHandlerMethodMapping$MappingRegistry [main] Mapped "{[/abilita],methods=[GET]}" onto public org.springframework.web.servlet.ModelAndView com.nodelab.accademiaVillaDeiRomani.controller.RegistrationController.abilitaUtente(java.lang.String,org.springframework.ui.ModelMap)
2018-08-22 15:24:59,149 INFO org.springframework.web.servlet.handler.AbstractHandlerMethodMapping$MappingRegistry [main] Mapped "{[/submitRegistration],methods=[POST]}" onto public org.springframework.web.servlet.ModelAndView com.nodelab.accademiaVillaDeiRomani.controller.RegistrationController.createNewUser(com.nodelab.accademiaVillaDeiRomani.formBean.UtenteBean,org.springframework.validation.BindingResult,javax.servlet.http.HttpServletRequest,org.springframework.ui.ModelMap)
2018-08-22 15:24:59,150 INFO org.springframework.web.servlet.handler.AbstractHandlerMethodMapping$MappingRegistry [main] Mapped "{[/resetPassword],methods=[POST]}" onto public org.springframework.web.servlet.ModelAndView com.nodelab.accademiaVillaDeiRomani.controller.RegistrationController.resetPassword(java.lang.String,org.springframework.ui.ModelMap)
2018-08-22 15:24:59,151 INFO org.springframework.web.servlet.handler.AbstractHandlerMethodMapping$MappingRegistry [main] Mapped "{[/registration],methods=[GET]}" onto public org.springframework.web.servlet.ModelAndView com.nodelab.accademiaVillaDeiRomani.controller.RegistrationController.registration()
2018-08-22 15:24:59,161 INFO org.springframework.web.servlet.handler.AbstractHandlerMethodMapping$MappingRegistry [main] Mapped "{[/VillaDeiRomaniAccademy/student/openPanelAggiungiPercorsoFormativo],methods=[GET]}" onto public java.lang.String com.nodelab.accademiaVillaDeiRomani.controller.StudentController.openPanelAggiungiPercorsoFormativoPanel(java.lang.String,org.springframework.ui.Model)
2018-08-22 15:24:59,162 INFO org.springframework.web.servlet.handler.AbstractHandlerMethodMapping$MappingRegistry [main] Mapped "{[/VillaDeiRomaniAccademy/student/submitNewPercorsoFormativo],methods=[POST]}" onto public org.springframework.web.servlet.ModelAndView com.nodelab.accademiaVillaDeiRomani.controller.StudentController.submitPercorsoFormativo(com.nodelab.accademiaVillaDeiRomani.formBean.PercorsoFormativoBean,org.springframework.validation.BindingResult,java.lang.String,org.springframework.ui.ModelMap)
2018-08-22 15:24:59,163 INFO org.springframework.web.servlet.handler.AbstractHandlerMethodMapping$MappingRegistry [main] Mapped "{[/VillaDeiRomaniAccademy/admin/submitStudentEditPersonalData],methods=[POST]}" onto public org.springframework.web.servlet.ModelAndView com.nodelab.accademiaVillaDeiRomani.controller.StudentController.submitEditPersonalData(com.nodelab.accademiaVillaDeiRomani.model.Utente,org.springframework.validation.BindingResult,java.lang.String,org.springframework.ui.ModelMap)
2018-08-22 15:24:59,165 INFO org.springframework.web.servlet.handler.AbstractHandlerMethodMapping$MappingRegistry [main] Mapped "{[/VillaDeiRomaniAccademy/student/student],methods=[GET]}" onto public org.springframework.web.servlet.ModelAndView com.nodelab.accademiaVillaDeiRomani.controller.StudentController.homeStudent(java.lang.String,java.lang.String,java.lang.String)
2018-08-22 15:24:59,165 INFO org.springframework.web.servlet.handler.AbstractHandlerMethodMapping$MappingRegistry [main] Mapped "{[/VillaDeiRomaniAccademy/admin/deleteTax],methods=[GET]}" onto public java.lang.String com.nodelab.accademiaVillaDeiRomani.controller.StudentController.openDeletetTax(java.lang.String,org.springframework.ui.Model)
2018-08-22 15:24:59,166 INFO org.springframework.web.servlet.handler.AbstractHandlerMethodMapping$MappingRegistry [main] Mapped "{[/VillaDeiRomaniAccademy/admin/abilitazioneStudenteDiretta],methods=[GET]}" onto public org.springframework.web.servlet.ModelAndView com.nodelab.accademiaVillaDeiRomani.controller.StudentController.abilitaStudente(java.lang.String,org.springframework.ui.ModelMap)
2018-08-22 15:24:59,167 INFO org.springframework.web.servlet.handler.AbstractHandlerMethodMapping$MappingRegistry [main] Mapped "{[/VillaDeiRomaniAccademy/admin/homeAdmin],methods=[GET]}" onto public org.springframework.web.servlet.ModelAndView com.nodelab.accademiaVillaDeiRomani.controller.StudentController.homeAdmin(org.springframework.ui.ModelMap)
2018-08-22 15:24:59,168 INFO org.springframework.web.servlet.handler.AbstractHandlerMethodMapping$MappingRegistry [main] Mapped "{[/VillaDeiRomaniAccademy/admin/insertTax],methods=[GET]}" onto public java.lang.String com.nodelab.accademiaVillaDeiRomani.controller.StudentController.openInsertTax(java.lang.String,org.springframework.ui.Model)
2018-08-22 15:24:59,169 INFO org.springframework.web.servlet.handler.AbstractHandlerMethodMapping$MappingRegistry [main] Mapped "{[/VillaDeiRomaniAccademy/admin/submitDeleteTax],methods=[POST]}" onto public org.springframework.web.servlet.ModelAndView com.nodelab.accademiaVillaDeiRomani.controller.StudentController.submitDeleteTax(com.nodelab.accademiaVillaDeiRomani.model.Contributo,java.lang.String,org.springframework.ui.ModelMap)
2018-08-22 15:24:59,170 INFO org.springframework.web.servlet.handler.AbstractHandlerMethodMapping$MappingRegistry [main] Mapped "{[/VillaDeiRomaniAccademy/admin/submitNewTax],methods=[POST]}" onto public org.springframework.web.servlet.ModelAndView com.nodelab.accademiaVillaDeiRomani.controller.StudentController.submitNewTax(com.nodelab.accademiaVillaDeiRomani.formBean.AggiungiTasseBean,org.springframework.validation.BindingResult,java.lang.String,org.springframework.ui.ModelMap)
2018-08-22 15:24:59,171 INFO org.springframework.web.servlet.handler.AbstractHandlerMethodMapping$MappingRegistry [main] Mapped "{[/VillaDeiRomaniAccademy/admin/insertExam],methods=[GET]}" onto public java.lang.String com.nodelab.accademiaVillaDeiRomani.controller.StudentController.openInsertExam(java.lang.String,org.springframework.ui.Model)
2018-08-22 15:24:59,173 INFO org.springframework.web.servlet.handler.AbstractHandlerMethodMapping$MappingRegistry [main] Mapped "{[/VillaDeiRomaniAccademy/admin/editStudentPersonalData],methods=[GET]}" onto public java.lang.String com.nodelab.accademiaVillaDeiRomani.controller.StudentController.editPersonalData(java.lang.String,org.springframework.ui.Model)
2018-08-22 15:24:59,177 INFO org.springframework.web.servlet.handler.AbstractHandlerMethodMapping$MappingRegistry [main] Mapped "{[/VillaDeiRomaniAccademy/admin/submitNewExam],methods=[POST]}" onto public org.springframework.web.servlet.ModelAndView com.nodelab.accademiaVillaDeiRomani.controller.StudentController.submitNewExam(com.nodelab.accademiaVillaDeiRomani.formBean.AggiungiEsameBean,java.lang.String,org.springframework.validation.BindingResult,org.springframework.ui.ModelMap)
2018-08-22 15:24:59,188 INFO org.springframework.web.servlet.handler.AbstractHandlerMethodMapping$MappingRegistry [main] Mapped "{[/error]}" onto public org.springframework.http.ResponseEntity<java.util.Map<java.lang.String, java.lang.Object>> org.springframework.boot.autoconfigure.web.servlet.error.BasicErrorController.error(javax.servlet.http.HttpServletRequest)
2018-08-22 15:24:59,192 INFO org.springframework.web.servlet.handler.AbstractHandlerMethodMapping$MappingRegistry [main] Mapped "{[/error],produces=[text/html]}" onto public org.springframework.web.servlet.ModelAndView org.springframework.boot.autoconfigure.web.servlet.error.BasicErrorController.errorHtml(javax.servlet.http.HttpServletRequest,javax.servlet.http.HttpServletResponse)
2018-08-22 15:24:59,289 INFO org.springframework.web.servlet.handler.AbstractUrlHandlerMapping [main] Mapped URL path [/webjars/**] onto handler of type [class org.springframework.web.servlet.resource.ResourceHttpRequestHandler]
2018-08-22 15:24:59,289 INFO org.springframework.web.servlet.handler.AbstractUrlHandlerMapping [main] Mapped URL path [/**] onto handler of type [class org.springframework.web.servlet.resource.ResourceHttpRequestHandler]
2018-08-22 15:24:59,290 INFO org.springframework.web.servlet.handler.AbstractUrlHandlerMapping [main] Mapped URL path [/resources/**] onto handler of type [class org.springframework.web.servlet.resource.ResourceHttpRequestHandler]
2018-08-22 15:24:59,975 INFO org.springframework.boot.autoconfigure.security.servlet.UserDetailsServiceAutoConfiguration [main] 

Using generated security password: 0862f040-516b-4cde-876b-ead81373cb5d

2018-08-22 15:25:00,225 INFO org.springframework.jmx.export.MBeanExporter [main] Registering beans for JMX exposure on startup
2018-08-22 15:25:00,231 INFO org.springframework.jmx.export.MBeanExporter [main] Bean with name 'dataSource' has been autodetected for JMX exposure
2018-08-22 15:25:00,248 INFO org.springframework.jmx.export.MBeanExporter [main] Located MBean 'dataSource': registering with JMX server as MBean [com.zaxxer.hikari:name=dataSource,type=HikariDataSource]
2018-08-22 15:25:00,370 INFO org.springframework.boot.web.embedded.tomcat.TomcatWebServer [main] Tomcat started on port(s): 8080 (http) with context path ''
2018-08-22 15:25:00,376 INFO org.springframework.boot.StartupInfoLogger [main] Started AccademiaVillaDeiRomaniApplication in 17.092 seconds (JVM running for 17.945)
2018-08-22 15:25:00,881 INFO org.hibernate.search.batchindexing.impl.SimpleIndexingProgressMonitor [Hibernate Search: identifierloader-1] HSEARCH000027: Going to reindex 90 entities
2018-08-22 15:25:01,083 INFO org.hibernate.search.batchindexing.impl.SimpleIndexingProgressMonitor [Hibernate Search: entityloader-6] HSEARCH000030: 50 documents indexed in 6 ms
2018-08-22 15:25:01,093 INFO org.hibernate.search.batchindexing.impl.SimpleIndexingProgressMonitor [Hibernate Search: entityloader-6] HSEARCH000031: Indexing speed: 8333,333008 documents/second; progress: 55,56%
2018-08-22 15:25:01,905 INFO org.hibernate.search.batchindexing.impl.SimpleIndexingProgressMonitor [main] HSEARCH000028: Reindexed 90 entities
2018-08-22 15:25:07,828 INFO org.apache.juli.logging.DirectJDKLog [http-nio-8080-exec-1] Initializing Spring FrameworkServlet 'dispatcherServlet'
2018-08-22 15:25:07,829 INFO org.springframework.web.servlet.FrameworkServlet [http-nio-8080-exec-1] FrameworkServlet 'dispatcherServlet': initialization started
2018-08-22 15:25:07,851 INFO org.springframework.web.servlet.FrameworkServlet [http-nio-8080-exec-1] FrameworkServlet 'dispatcherServlet': initialization completed in 21 ms
